%!Adobe-FontList 1.25
%Locale:0xc0a

%BeginFont
Handler:DirectoryHandler
FontType:Type1
FontName:HelveticaLTStd-BlkCond
FamilyName:Helvetica LT Std
StyleName:Black Condensed
FullName:Helvetica LT Std Black Condensed
MenuName:Helvetica LT Std Cond Blk
StyleBits:0
WritingScript:Roman
OutlineFileName:E:\Axel\Documents\Danny\Por fecha\01.21\Carpeta Luciano's Pizzeria West Haverstraw Takeout Menu 11x17 Trifold w Coupons AXEBA 01.21.2026\Document fonts\HelveticaLTStd-BlkCond.otf
DataFormat:sfntData
UsesStandardEncoding:yes
isCFF:yes
hasSVG:no
hasCOLR:no
VariableFontType:NonVariableFont
FileLength:29640
FileModTime:1260106998
WeightClass:900
WidthClass:3
AngleClass:0
DesignSize:120
NameArray:0,Mac,18,Helvetica LT Std Cond Blk
NameArray:0,Mac,4,Helvetica LT Std Black Condensed
NameArray:0,Win,1,Helvetica LT Std Cond Blk
NameArray:0,Win,16,Helvetica LT Std
%EndFont

%BeginFont
Handler:DirectoryHandler
FontType:Type1
FontName:HelveticaLTStd-BoldCond
FamilyName:Helvetica LT Std
StyleName:Bold Condensed
FullName:Helvetica LT Std Bold Condensed
MenuName:Helvetica LT Std Cond
StyleBits:2
WritingScript:Roman
OutlineFileName:E:\Axel\Documents\Danny\Por fecha\01.21\Carpeta Luciano's Pizzeria West Haverstraw Takeout Menu 11x17 Trifold w Coupons AXEBA 01.21.2026\Document fonts\HelveticaLTStd-BoldCond.otf
DataFormat:sfntData
UsesStandardEncoding:yes
isCFF:yes
hasSVG:no
hasCOLR:no
VariableFontType:NonVariableFont
FileLength:29968
FileModTime:1633390668
WeightClass:700
WidthClass:3
AngleClass:0
DesignSize:120
NameArray:0,Mac,18,Helvetica LT Std Cond Bold
NameArray:0,Mac,4,Helvetica LT Std Bold Condensed
NameArray:0,Win,1,Helvetica LT Std Cond
NameArray:0,Win,16,Helvetica LT Std
%EndFont

%BeginFont
Handler:DirectoryHandler
FontType:Type1
FontName:HelveticaLTStd-BoldCondObl
FamilyName:Helvetica LT Std
StyleName:Bold Condensed Oblique
FullName:Helvetica LT Std Bold Condensed Oblique
MenuName:Helvetica LT Std Cond
StyleBits:3
WritingScript:Roman
OutlineFileName:E:\Axel\Documents\Danny\Por fecha\01.21\Carpeta Luciano's Pizzeria West Haverstraw Takeout Menu 11x17 Trifold w Coupons AXEBA 01.21.2026\Document fonts\HelveticaLTStd-BoldCondObl.otf
DataFormat:sfntData
UsesStandardEncoding:yes
isCFF:yes
hasSVG:no
hasCOLR:no
VariableFontType:NonVariableFont
FileLength:32244
FileModTime:1507473908
WeightClass:700
WidthClass:3
AngleClass:1
NameArray:0,Mac,18,Helvetica LT Std Cond Bold Obl
NameArray:0,Mac,4,Helvetica LT Std Bold Condensed Oblique
NameArray:0,Win,1,Helvetica LT Std Cond
NameArray:0,Win,16,Helvetica LT Std
%EndFont

%BeginFont
Handler:DirectoryHandler
FontType:Type1
FontName:HelveticaLTStd-Cond
FamilyName:Helvetica LT Std
StyleName:Condensed
FullName:Helvetica LT Std Condensed
MenuName:Helvetica LT Std Cond
StyleBits:0
WritingScript:Roman
OutlineFileName:E:\Axel\Documents\Danny\Por fecha\01.21\Carpeta Luciano's Pizzeria West Haverstraw Takeout Menu 11x17 Trifold w Coupons AXEBA 01.21.2026\Document fonts\HelveticaLTStd-Cond.otf
DataFormat:sfntData
UsesStandardEncoding:yes
isCFF:yes
hasSVG:no
hasCOLR:no
VariableFontType:NonVariableFont
FileLength:29240
FileModTime:1474087650
WeightClass:400
WidthClass:3
AngleClass:0
NameArray:0,Mac,18,Helvetica LT Std Cond
NameArray:0,Mac,4,Helvetica LT Std Condensed
NameArray:0,Win,1,Helvetica LT Std Cond
NameArray:0,Win,16,Helvetica LT Std
%EndFont

%BeginFont
Handler:DirectoryHandler
FontType:TrueType
FontName:RetroTeam
FamilyName:Retro Team
StyleName:Regular
FullName:Retro Team
MenuName:Retro Team
StyleBits:0
WritingScript:Roman
OutlineFileName:E:\Axel\Documents\Danny\Por fecha\01.21\Carpeta Luciano's Pizzeria West Haverstraw Takeout Menu 11x17 Trifold w Coupons AXEBA 01.21.2026\Document fonts\Retro Team.otf
DataFormat:sfntData
hasSVG:no
hasCOLR:no
VariableFontType:NonVariableFont
FileLength:438604
FileModTime:1578075172
WeightClass:400
WidthClass:5
AngleClass:0
NameArray:0,Mac,4,Retro Team
NameArray:0,Win,1,Retro Team
%EndFont

%BeginFont
Handler:DirectoryHandler
FontType:Type1
FontName:HelveticaLTStd-CondObl
FamilyName:Helvetica LT Std
StyleName:Condensed Oblique
FullName:Helvetica LT Std Condensed Oblique
MenuName:Helvetica LT Std Cond
StyleBits:1
WritingScript:Roman
OutlineFileName:E:\Axel\Documents\Danny\Por fecha\01.21\Carpeta Luciano's Pizzeria West Haverstraw Takeout Menu 11x17 Trifold w Coupons AXEBA 01.21.2026\Document fonts\helvetica-lt-std-condensed-oblique.otf
DataFormat:sfntData
UsesStandardEncoding:yes
isCFF:yes
hasSVG:no
hasCOLR:no
VariableFontType:NonVariableFont
FileLength:30236
FileModTime:1480061522
WeightClass:400
WidthClass:3
AngleClass:1
NameArray:0,Mac,18,Helvetica LT Std Cond Obl
NameArray:0,Mac,4,Helvetica LT Std Condensed Oblique
NameArray:0,Win,1,Helvetica LT Std Cond
NameArray:0,Win,16,Helvetica LT Std
%EndFont

